<?xml version="1.0" encoding="UTF-8"?>
<!-- Generated by org.testng.reporters.JUnitReportReporter -->
<testsuite hostname="LAPTOP-A0510HNN" failures="0" tests="1" name="driverFactory.AppTest" time="59.985" errors="0" timestamp="2024-03-04T16:12:42 IST" skipped="0">
  <testcase classname="driverFactory.AppTest" name="starttest" time="59.985">
    <system-out>
      <![CDATA[no of rows::10
valid username and password::dashboard    http://webapp.qedgetech.com/dashboard.php
Incorrect user ID or password  dashboard  http://webapp.qedgetech.com/login.php
valid username and password::dashboard    http://webapp.qedgetech.com/dashboard.php
Incorrect user ID or password  dashboard  http://webapp.qedgetech.com/login.php
valid username and password::dashboard    http://webapp.qedgetech.com/dashboard.php
Incorrect user ID or password  dashboard  http://webapp.qedgetech.com/login.php
Incorrect user ID or password  dashboard  http://webapp.qedgetech.com/login.php
valid username and password::dashboard    http://webapp.qedgetech.com/dashboard.php
valid username and password::dashboard    http://webapp.qedgetech.com/dashboard.php
valid username and password::dashboard    http://webapp.qedgetech.com/dashboard.php]]>
    </system-out>
  </testcase> <!-- starttest -->
  <system-out>
    <![CDATA[no of rows::10
valid username and password::dashboard    http://webapp.qedgetech.com/dashboard.php
Incorrect user ID or password  dashboard  http://webapp.qedgetech.com/login.php
valid username and password::dashboard    http://webapp.qedgetech.com/dashboard.php
Incorrect user ID or password  dashboard  http://webapp.qedgetech.com/login.php
valid username and password::dashboard    http://webapp.qedgetech.com/dashboard.php
Incorrect user ID or password  dashboard  http://webapp.qedgetech.com/login.php
Incorrect user ID or password  dashboard  http://webapp.qedgetech.com/login.php
valid username and password::dashboard    http://webapp.qedgetech.com/dashboard.php
valid username and password::dashboard    http://webapp.qedgetech.com/dashboard.php
valid username and password::dashboard    http://webapp.qedgetech.com/dashboard.php]]>
  </system-out>
</testsuite> <!-- driverFactory.AppTest -->
